2023-03-08T10:12:11.9832802 I/O error on POST request for "http://localhost:8080/login": Connection refused: connect; nested exception is java.net.ConnectException: Connection refused: connect
2023-03-08T10:12:18.6683722 I/O error on POST request for "http://localhost:8080/login": Connection refused: connect; nested exception is java.net.ConnectException: Connection refused: connect
2023-03-08T10:12:29.0383271 I/O error on POST request for "http://localhost:8080/login": Connection refused: connect; nested exception is java.net.ConnectException: Connection refused: connect
2023-03-08T10:13:07.5884846 400 : [{"message":"User kenny was not found.","timeStamp":"2023-03-08T10:13:07.5544539"}]
2023-03-08T10:13:12.1406331 400 : [{"message":"User kenny was not found.","timeStamp":"2023-03-08T10:13:12.1386314"}]
2023-03-08T10:16:01.4501136 400 : [{"message":"User kenny was not found.","timeStamp":"2023-03-08T10:16:01.4300951"}]
2023-03-08T10:39:36.4367116 400 : [{"message":"User 123 was not found.","timeStamp":"2023-03-08T10:39:36.4046825"}]
2023-03-08T10:52:01.6523455 401 : [no body]
2023-03-08T10:52:12.6118368 401 : [no body]
2023-03-08T10:53:55.9694931 401 : [no body]
2023-03-08T10:54:01.318873 401 : [no body]
2023-03-08T10:54:06.3709818 401 : [no body]
2023-03-08T10:55:42.2429018 500 : [{"timestamp":"2023-03-08T18:55:42.221+00:00","status":500,"error":"Internal Server Error","message":"PreparedStatementCallback; SQL [INSERT INTO tenmo_user (username, password_hash) VALUES (?, ?) RETU... (532 bytes)]
2023-03-08T12:16:51.2058424 401 : [no body]
2023-03-08T19:06:58.7572519 401 : [no body]
2023-03-08T19:07:08.73034 401 : [no body]
2023-03-08T19:07:51.7495416 401 : [no body]
2023-03-08T19:08:02.4522944 401 : [no body]
2023-03-08T19:10:38.0991277 401 : [no body]
2023-03-08T19:11:20.3025858 401 : [no body]
2023-03-08T19:18:02.9389936 400 : [{"message":"Account id  doesn't exist or has no transfers.","timeStamp":"2023-03-08T19:18:02.9239803"}]
2023-03-08T19:20:16.2294548 400 : [{"message":"Account id  doesn't exist or has no transfers.","timeStamp":"2023-03-08T19:20:16.2184452"}]
2023-03-08T19:31:08.8306424 401 : [no body]
2023-03-08T19:31:12.4509417 401 : [no body]
2023-03-08T19:45:20.0057811 401 : [no body]
2023-03-08T23:09:23.249593 500 : [{"timestamp":"2023-03-09T04:09:23.240+00:00","status":500,"error":"Internal Server Error","message":"PreparedStatementCallback; SQL [INSERT INTO transfer (transfer_status_id, transfer_type_id, account... (596 bytes)]
2023-03-08T23:10:04.6941018 500 : [{"timestamp":"2023-03-09T04:10:04.693+00:00","status":500,"error":"Internal Server Error","message":"PreparedStatementCallback; SQL [INSERT INTO transfer (transfer_status_id, transfer_type_id, account... (596 bytes)]
