2023-02-25T13:53:02.3326677 404 : [{"timestamp":"2023-02-25T18:53:02.304+00:00","status":404,"error":"Not Found","message":"No message available","path":"/history/2001"}]
2023-02-25T13:56:02.4499247 404 : [{"timestamp":"2023-02-25T18:56:02.435+00:00","status":404,"error":"Not Found","message":"No message available","path":"/history/2001"}]
2023-02-25T13:56:31.4069912 404 : [{"timestamp":"2023-02-25T18:56:31.394+00:00","status":404,"error":"Not Found","message":"No message available","path":"/history/2001"}]
2023-02-25T14:10:25.3744337 500 : [{"timestamp":"2023-02-25T19:10:25.358+00:00","status":500,"error":"Internal Server Error","message":"PreparedStatementCallback; bad SQL grammar [SELECT * FROM transfer WHERE transfer_id = ?]; nested e... (411 bytes)]
2023-02-25T14:50:40.3663814 404 : [{"timestamp":"2023-02-25T19:50:40.349+00:00","status":404,"error":"Not Found","message":"No message available","path":"/user/1001/balance"}]
2023-02-25T14:51:25.2166666 404 : [{"timestamp":"2023-02-25T19:51:25.214+00:00","status":404,"error":"Not Found","message":"No message available","path":"/user/1001/balance"}]
2023-02-25T15:21:59.5468406 500 : [{"timestamp":"2023-02-25T20:21:59.509+00:00","status":500,"error":"Internal Server Error","message":"PreparedStatementCallback; bad SQL grammar [SELECT * FROM transfer WHERE transfer_id = ?]; nested e... (414 bytes)]
2023-02-25T15:36:50.6912066 500 : [{"timestamp":"2023-02-25T20:36:50.674+00:00","status":500,"error":"Internal Server Error","message":"PreparedStatementCallback; bad SQL grammar [SELECT * FROM transfer WHERE transfer_id = ?]; nested e... (414 bytes)]
2023-02-25T15:38:50.8069717 500 : [{"timestamp":"2023-02-25T20:38:50.793+00:00","status":500,"error":"Internal Server Error","message":"PreparedStatementCallback; bad SQL grammar [SELECT * FROM transfer WHERE transfer_id = ?]; nested e... (414 bytes)]
2023-02-25T15:40:45.3841799 500 : [{"timestamp":"2023-02-25T20:40:24.635+00:00","status":500,"error":"Internal Server Error","message":"PreparedStatementCallback; bad SQL grammar [SELECT * FROM transfer WHERE transfer_id = ?]; nested e... (414 bytes)]
2023-02-25T15:42:13.766145 500 : [{"timestamp":"2023-02-25T20:42:13.749+00:00","status":500,"error":"Internal Server Error","message":"PreparedStatementCallback; bad SQL grammar [SELECT * FROM transfer WHERE transfer_id = ?]; nested e... (414 bytes)]
2023-02-25T15:42:32.4260598 401 : [no body]
2023-02-25T15:42:40.9890277 401 : [no body]
2023-02-25T15:44:43.4098582 500 : [{"timestamp":"2023-02-25T20:43:44.413+00:00","status":500,"error":"Internal Server Error","message":"PreparedStatementCallback; bad SQL grammar [SELECT * FROM transfer WHERE transfer_id = ?]; nested e... (414 bytes)]
2023-02-25T15:45:26.4292867 500 : [{"timestamp":"2023-02-25T20:45:26.415+00:00","status":500,"error":"Internal Server Error","message":"PreparedStatementCallback; bad SQL grammar [SELECT * FROM transfer WHERE transfer_id = ?]; nested e... (414 bytes)]
2023-02-25T15:48:57.6900685 500 : [{"timestamp":"2023-02-25T20:48:57.677+00:00","status":500,"error":"Internal Server Error","message":"PreparedStatementCallback; bad SQL grammar [SELECT * FROM transfer WHERE transfer_id = ?]; nested e... (414 bytes)]
2023-02-25T16:04:40.0203091 400 : [{"timestamp":"2023-02-25T21:04:40.001+00:00","status":400,"error":"Bad Request","message":"Failed to convert value of type 'java.lang.String' to required type 'int'; nested exception is java.lang.NumberFormatException: For input string: \"history\"","path":"/transfers/history/"}]
2023-02-25T17:17:07.3155514 500 : [{"timestamp":"2023-02-25T22:17:07.297+00:00","status":500,"error":"Internal Server Error","message":"Missing URI template variable 'accountFrom' for method parameter of type int","path":"/transfers/pending/2001"}]
2023-02-25T17:18:48.2701553 500 : [{"timestamp":"2023-02-25T22:18:48.256+00:00","status":500,"error":"Internal Server Error","message":"Missing URI template variable 'accountFrom' for method parameter of type int","path":"/transfers/pending/2002"}]
2023-02-25T17:21:08.31443 401 : [no body]
2023-02-25T17:23:35.7839177 500 : [{"timestamp":"2023-02-25T22:23:35.772+00:00","status":500,"error":"Internal Server Error","message":"Missing URI template variable 'accountFrom' for method parameter of type int","path":"/transfers/pending/2002"}]
2023-02-25T17:30:58.74388 500 : [{"timestamp":"2023-02-25T22:30:58.722+00:00","status":500,"error":"Internal Server Error","message":"PreparedStatementCallback; bad SQL grammar [SELECT * FROM transfer WHERE account_from = ? AND trans... (450 bytes)]
2023-02-25T17:52:59.4895929 Username not found
2023-02-25T18:11:49.1154625 I/O error on POST request for "http://localhost:8080/login": Connection refused: connect; nested exception is java.net.ConnectException: Connection refused: connect
2023-02-25T18:11:54.7087141 I/O error on POST request for "http://localhost:8080/login": Connection refused: connect; nested exception is java.net.ConnectException: Connection refused: connect
2023-02-25T20:07:55.267926 404 : [{"timestamp":"2023-02-26T01:07:55.246+00:00","status":404,"error":"Not Found","message":"No message available","path":"/update/3002"}]
2023-02-25T20:12:06.4087987 404 : [{"timestamp":"2023-02-26T01:12:06.388+00:00","status":404,"error":"Not Found","message":"No message available","path":"/update/3006"}]
2023-02-25T20:15:07.7993961 404 : [{"timestamp":"2023-02-26T01:15:07.785+00:00","status":404,"error":"Not Found","message":"No message available","path":"/update/3006"}]
2023-02-25T20:16:31.7028426 404 : [{"timestamp":"2023-02-26T01:16:31.684+00:00","status":404,"error":"Not Found","message":"No message available","path":"/update/3002"}]
2023-02-25T20:18:18.9404605 404 : [{"timestamp":"2023-02-26T01:18:18.925+00:00","status":404,"error":"Not Found","message":"No message available","path":"/transfers/pending/2002"}]
2023-02-25T20:19:14.6113378 404 : [{"timestamp":"2023-02-26T01:19:14.581+00:00","status":404,"error":"Not Found","message":"No message available","path":"/updates/3005"}]
2023-02-25T20:26:23.2337752 404 : [{"timestamp":"2023-02-26T01:26:23.213+00:00","status":404,"error":"Not Found","message":"No message available","path":"/update/3005"}]
2023-02-25T18:55:55.9211865 404 : [{"timestamp":"2023-02-26T02:55:55.904+00:00","status":404,"error":"Not Found","message":"No message available","path":"/update/3002"}]
2023-02-25T18:58:35.7425679 500 : [{"timestamp":"2023-02-26T02:58:35.728+00:00","status":500,"error":"Internal Server Error","message":"Optional int parameter 'transferStatusId' is present but cannot be translated into a null value due to being declared as a primitive type. Consider declaring it as object wrapper for the corresponding primitive type.","path":"/transfers/update/3002"}]
2023-02-25T19:05:20.6579001 500 : [{"timestamp":"2023-02-26T03:05:20.642+00:00","status":500,"error":"Internal Server Error","message":"Optional int parameter 'transferStatusId' is present but cannot be translated into a null value due to being declared as a primitive type. Consider declaring it as object wrapper for the corresponding primitive type.","path":"/transfers/update/3002"}]
2023-02-25T19:09:44.9222889 500 : [{"timestamp":"2023-02-26T03:09:44.907+00:00","status":500,"error":"Internal Server Error","message":"Missing URI template variable 'transferId' for method parameter of type int","path":"/transfers/update/3002"}]
2023-02-25T19:16:33.9603713 500 : [{"timestamp":"2023-02-26T03:16:33.945+00:00","status":500,"error":"Internal Server Error","message":"Missing URI template variable 'transferStatusId' for method parameter of type Integer","path":"/transfers/update/3002"}]
2023-02-25T19:18:23.8423253 500 : [{"timestamp":"2023-02-26T03:18:23.826+00:00","status":500,"error":"Internal Server Error","message":"Missing URI template variable 'transferStatusId' for method parameter of type Integer","path":"/transfers/update/302"}]
2023-02-25T19:18:31.7144866 500 : [{"timestamp":"2023-02-26T03:18:31.713+00:00","status":500,"error":"Internal Server Error","message":"Missing URI template variable 'transferStatusId' for method parameter of type Integer","path":"/transfers/update/3002"}]
2023-02-25T19:20:14.2787843 500 : [{"timestamp":"2023-02-26T03:20:14.263+00:00","status":500,"error":"Internal Server Error","message":"PreparedStatementCallback; SQL [UPDATE transfer SET transfer_status_id = ? WHERE transfer_id = ?;];... (634 bytes)]
2023-02-25T19:24:24.2761948 404 : [{"timestamp":"2023-02-26T03:24:24.259+00:00","status":404,"error":"Not Found","message":"No message available","path":"/transfers/update/3002"}]
2023-02-25T19:36:21.408065 500 : [{"timestamp":"2023-02-26T03:36:21.391+00:00","status":500,"error":"Internal Server Error","message":"PreparedStatementCallback; bad SQL grammar [SELECT * FROM transfer WHERE account_from = ? AND trans... (411 bytes)]
2023-02-25T19:56:00.8239441 500 : [{"timestamp":"2023-02-26T03:56:00.805+00:00","status":500,"error":"Internal Server Error","message":"PreparedStatementCallback; SQL [INSERT INTO tenmo_user (username, password_hash) VALUES (?, ?) RETU... (524 bytes)]
2023-02-25T22:11:33.834216 500 : [{"timestamp":"2023-02-26T06:11:33.805+00:00","status":500,"error":"Internal Server Error","message":"PreparedStatementCallback; SQL [INSERT INTO tenmo_user (username, password_hash) VALUES (?, ?) RETU... (534 bytes)]
2023-02-25T22:11:46.9991917 401 : [no body]
