2023-02-23T09:37:07.0383565 401 : [no body]
2023-02-23T09:48:37.3637229 401 : [no body]
2023-02-23T09:49:20.5804048 401 : [no body]
2023-02-23T09:51:16.0623176 401 : [no body]
2023-02-23T13:07:25.5003987 415 : [{"timestamp":"2023-02-23T21:07:25.482+00:00","status":415,"error":"Unsupported Media Type","message":"Content type 'application/x-www-form-urlencoded;charset=UTF-8' not supported","path":"/transfers"}]
2023-02-23T13:29:08.7076462 404 : [{"timestamp":"2023-02-23T21:29:08.689+00:00","status":404,"error":"Not Found","message":"No message available","path":"/"}]
2023-02-23T13:32:56.0898418 404 : [{"timestamp":"2023-02-23T21:32:56.073+00:00","status":404,"error":"Not Found","message":"No message available","path":"/"}]
2023-02-23T13:38:56.8656855 404 : [{"timestamp":"2023-02-23T21:38:56.848+00:00","status":404,"error":"Not Found","message":"No message available","path":"/"}]
2023-02-23T13:43:20.7279773 404 : [{"timestamp":"2023-02-23T21:43:20.710+00:00","status":404,"error":"Not Found","message":"No message available","path":"/"}]
2023-02-23T20:24:55.9945606 400 : [{"timestamp":"2023-02-24T01:24:55.982+00:00","status":400,"error":"Bad Request","message":"Required request body is missing: public int com.techelevator.tenmo.controller.AuthenticationController.userToAccount(com.techelevator.tenmo.model.User)","path":"/account"}]
2023-02-23T20:32:43.0951195 400 : [{"timestamp":"2023-02-24T01:32:43.084+00:00","status":400,"error":"Bad Request","message":"Required request body is missing: public int com.techelevator.tenmo.controller.AuthenticationController.userToAccount(com.techelevator.tenmo.model.User)","path":"/accounts"}]
2023-02-23T20:33:51.5702671 400 : [{"timestamp":"2023-02-24T01:33:51.558+00:00","status":400,"error":"Bad Request","message":"Required request body is missing: public int com.techelevator.tenmo.controller.AuthenticationController.userToAccount(com.techelevator.tenmo.model.User)","path":"/account"}]
2023-02-23T20:38:46.2828625 400 : [{"timestamp":"2023-02-24T01:38:46.273+00:00","status":400,"error":"Bad Request","message":"Required request body is missing: public int com.techelevator.tenmo.controller.AuthenticationController.userToAccount(com.techelevator.tenmo.model.User)","path":"/account"}]
2023-02-23T20:38:46.5148432 500 : [{"timestamp":"2023-02-24T01:38:46.512+00:00","status":500,"error":"Internal Server Error","message":"PreparedStatementCallback; SQL [INSERT INTO transfer (transfer_status_id, transfer_type_id, account... (686 bytes)]
2023-02-23T20:43:11.0639561 500 : [{"timestamp":"2023-02-24T01:43:11.053+00:00","status":500,"error":"Internal Server Error","message":"PreparedStatementCallback; SQL [INSERT INTO transfer (transfer_status_id, transfer_type_id, account... (686 bytes)]
2023-02-23T21:17:29.4795094 400 : [{"timestamp":"2023-02-24T02:17:29.468+00:00","status":400,"error":"Bad Request","message":"JSON parse error: Cannot construct instance of `com.techelevator.tenmo.model.Transfer` (although at least one... (668 bytes)]
2023-02-23T21:45:48.1685537 400 : [{"timestamp":"2023-02-24T02:45:48.153+00:00","status":400,"error":"Bad Request","message":"Validation failed for object='transfer'. Error count: 4","errors":[{"codes":["typeMismatch.transfer.transferS... (2954 bytes)]
2023-02-23T22:09:46.7483078 400 : [{"timestamp":"2023-02-24T03:09:46.731+00:00","status":400,"error":"Bad Request","message":"Validation failed for object='transfer'. Error count: 4","errors":[{"codes":["typeMismatch.transfer.transferS... (2954 bytes)]
2023-02-23T22:32:05.3169708 500 : [{"timestamp":"2023-02-24T03:32:05.306+00:00","status":500,"error":"Internal Server Error","message":"PreparedStatementCallback; SQL [INSERT INTO transfer (transfer_status_id, transfer_type_id, account... (402 bytes)]
2023-02-23T22:32:37.3618996 500 : [{"timestamp":"2023-02-24T03:32:37.350+00:00","status":500,"error":"Internal Server Error","message":"PreparedStatementCallback; SQL [INSERT INTO transfer (transfer_status_id, transfer_type_id, account... (402 bytes)]
2023-02-23T22:33:52.6728637 500 : [{"timestamp":"2023-02-24T03:33:52.663+00:00","status":500,"error":"Internal Server Error","message":"PreparedStatementCallback; SQL [INSERT INTO transfer (transfer_status_id, transfer_type_id, account... (402 bytes)]
2023-02-23T22:37:59.8796909 500 : [{"timestamp":"2023-02-24T03:37:59.870+00:00","status":500,"error":"Internal Server Error","message":"PreparedStatementCallback; SQL [INSERT INTO transfer (transfer_status_id, transfer_type_id, account... (402 bytes)]
